mode: set
github.com/alessandrocruz5/scrappd-app/backend/cmd/api/main.go:17.13,26.16 6 0
github.com/alessandrocruz5/scrappd-app/backend/cmd/api/main.go:26.16,28.3 1 0
github.com/alessandrocruz5/scrappd-app/backend/cmd/api/main.go:31.2,31.45 1 0
github.com/alessandrocruz5/scrappd-app/backend/cmd/api/main.go:31.45,36.3 2 0
github.com/alessandrocruz5/scrappd-app/backend/cmd/api/main.go:38.2,59.12 6 0
github.com/alessandrocruz5/scrappd-app/backend/cmd/api/main.go:59.12,61.80 2 0
github.com/alessandrocruz5/scrappd-app/backend/cmd/api/main.go:61.80,63.4 1 0
github.com/alessandrocruz5/scrappd-app/backend/cmd/api/main.go:67.2,78.45 7 0
github.com/alessandrocruz5/scrappd-app/backend/cmd/api/main.go:78.45,80.3 1 0
github.com/alessandrocruz5/scrappd-app/backend/cmd/api/main.go:82.2,82.30 1 0
github.com/alessandrocruz5/scrappd-app/backend/internal/api/router.go:12.81,29.2 8 0
github.com/alessandrocruz5/scrappd-app/backend/internal/api/router.go:29.2,34.3 4 0
github.com/alessandrocruz5/scrappd-app/backend/internal/api/router.go:37.2,38.2 2 0
github.com/alessandrocruz5/scrappd-app/backend/internal/api/router.go:38.2,42.3 2 0
github.com/alessandrocruz5/scrappd-app/backend/internal/api/router.go:44.2,44.15 1 0
github.com/alessandrocruz5/scrappd-app/backend/internal/config/config.go:61.30,114.2 4 1
github.com/alessandrocruz5/scrappd-app/backend/internal/config/config.go:116.46,117.42 1 1
github.com/alessandrocruz5/scrappd-app/backend/internal/config/config.go:117.42,119.3 1 1
github.com/alessandrocruz5/scrappd-app/backend/internal/config/config.go:120.2,120.21 1 1
github.com/alessandrocruz5/scrappd-app/backend/internal/config/config.go:123.50,124.42 1 1
github.com/alessandrocruz5/scrappd-app/backend/internal/config/config.go:124.42,125.53 1 0
github.com/alessandrocruz5/scrappd-app/backend/internal/config/config.go:125.53,127.4 1 0
github.com/alessandrocruz5/scrappd-app/backend/internal/config/config.go:129.2,129.21 1 1
github.com/alessandrocruz5/scrappd-app/backend/internal/config/config.go:132.75,133.42 1 1
github.com/alessandrocruz5/scrappd-app/backend/internal/config/config.go:133.42,134.61 1 1
github.com/alessandrocruz5/scrappd-app/backend/internal/config/config.go:134.61,136.4 1 1
github.com/alessandrocruz5/scrappd-app/backend/internal/config/config.go:138.2,138.21 1 1
github.com/alessandrocruz5/scrappd-app/backend/internal/api/middleware/cors.go:8.29,9.30 1 1
github.com/alessandrocruz5/scrappd-app/backend/internal/api/middleware/cors.go:9.30,15.36 5 1
github.com/alessandrocruz5/scrappd-app/backend/internal/api/middleware/cors.go:15.36,18.4 2 1
github.com/alessandrocruz5/scrappd-app/backend/internal/api/middleware/cors.go:20.3,20.11 1 1
github.com/alessandrocruz5/scrappd-app/backend/internal/api/middleware/logger.go:11.52,12.30 1 1
github.com/alessandrocruz5/scrappd-app/backend/internal/api/middleware/logger.go:12.30,39.24 8 1
github.com/alessandrocruz5/scrappd-app/backend/internal/api/middleware/logger.go:39.24,41.4 1 0
github.com/alessandrocruz5/scrappd-app/backend/internal/api/middleware/logger.go:44.3,44.24 1 1
github.com/alessandrocruz5/scrappd-app/backend/internal/api/middleware/logger.go:44.24,46.4 1 1
github.com/alessandrocruz5/scrappd-app/backend/internal/api/middleware/logger.go:46.9,46.31 1 1
github.com/alessandrocruz5/scrappd-app/backend/internal/api/middleware/logger.go:46.31,48.4 1 0
github.com/alessandrocruz5/scrappd-app/backend/internal/api/middleware/logger.go:48.9,50.4 1 1
github.com/alessandrocruz5/scrappd-app/backend/internal/api/middleware/recovery.go:12.54,13.30 1 1
github.com/alessandrocruz5/scrappd-app/backend/internal/api/middleware/recovery.go:13.30,14.16 1 1
github.com/alessandrocruz5/scrappd-app/backend/internal/api/middleware/recovery.go:14.16,15.36 1 1
github.com/alessandrocruz5/scrappd-app/backend/internal/api/middleware/recovery.go:15.36,29.5 3 1
github.com/alessandrocruz5/scrappd-app/backend/internal/api/middleware/recovery.go:32.3,32.11 1 1
github.com/alessandrocruz5/scrappd-app/backend/pkg/utils/errors.go:17.35,18.23 1 1
github.com/alessandrocruz5/scrappd-app/backend/pkg/utils/errors.go:18.23,20.3 1 1
github.com/alessandrocruz5/scrappd-app/backend/pkg/utils/errors.go:21.2,21.18 1 1
github.com/alessandrocruz5/scrappd-app/backend/pkg/utils/errors.go:25.35,27.2 1 1
github.com/alessandrocruz5/scrappd-app/backend/pkg/utils/errors.go:48.82,55.2 1 1
github.com/alessandrocruz5/scrappd-app/backend/pkg/utils/errors.go:59.62,60.19 1 1
github.com/alessandrocruz5/scrappd-app/backend/pkg/utils/errors.go:60.19,62.3 1 1
github.com/alessandrocruz5/scrappd-app/backend/pkg/utils/errors.go:63.2,63.81 1 1
github.com/alessandrocruz5/scrappd-app/backend/pkg/utils/errors.go:66.64,67.19 1 1
github.com/alessandrocruz5/scrappd-app/backend/pkg/utils/errors.go:67.19,69.3 1 1
github.com/alessandrocruz5/scrappd-app/backend/pkg/utils/errors.go:70.2,70.85 1 1
github.com/alessandrocruz5/scrappd-app/backend/pkg/utils/errors.go:73.61,74.19 1 0
github.com/alessandrocruz5/scrappd-app/backend/pkg/utils/errors.go:74.19,76.3 1 0
github.com/alessandrocruz5/scrappd-app/backend/pkg/utils/errors.go:77.2,77.79 1 0
github.com/alessandrocruz5/scrappd-app/backend/pkg/utils/errors.go:80.45,82.20 2 1
github.com/alessandrocruz5/scrappd-app/backend/pkg/utils/errors.go:82.20,84.3 1 1
github.com/alessandrocruz5/scrappd-app/backend/pkg/utils/errors.go:85.2,85.72 1 1
github.com/alessandrocruz5/scrappd-app/backend/pkg/utils/errors.go:88.60,89.19 1 0
github.com/alessandrocruz5/scrappd-app/backend/pkg/utils/errors.go:89.19,91.3 1 0
github.com/alessandrocruz5/scrappd-app/backend/pkg/utils/errors.go:92.2,92.77 1 0
github.com/alessandrocruz5/scrappd-app/backend/pkg/utils/errors.go:95.62,96.19 1 1
github.com/alessandrocruz5/scrappd-app/backend/pkg/utils/errors.go:96.19,98.3 1 0
github.com/alessandrocruz5/scrappd-app/backend/pkg/utils/errors.go:99.2,99.81 1 1
github.com/alessandrocruz5/scrappd-app/backend/pkg/utils/errors.go:102.66,103.19 1 1
github.com/alessandrocruz5/scrappd-app/backend/pkg/utils/errors.go:103.19,105.3 1 0
github.com/alessandrocruz5/scrappd-app/backend/pkg/utils/errors.go:106.2,106.94 1 1
github.com/alessandrocruz5/scrappd-app/backend/pkg/utils/errors.go:109.70,111.19 2 1
github.com/alessandrocruz5/scrappd-app/backend/pkg/utils/errors.go:111.19,113.3 1 1
github.com/alessandrocruz5/scrappd-app/backend/pkg/utils/errors.go:114.2,114.97 1 1
github.com/alessandrocruz5/scrappd-app/backend/pkg/utils/errors.go:117.64,118.19 1 1
github.com/alessandrocruz5/scrappd-app/backend/pkg/utils/errors.go:118.19,120.3 1 0
github.com/alessandrocruz5/scrappd-app/backend/pkg/utils/errors.go:121.2,121.83 1 1
github.com/alessandrocruz5/scrappd-app/backend/pkg/utils/errors.go:124.48,127.2 2 1
github.com/alessandrocruz5/scrappd-app/backend/pkg/utils/errors.go:129.52,131.18 2 1
github.com/alessandrocruz5/scrappd-app/backend/pkg/utils/errors.go:131.18,133.3 1 1
github.com/alessandrocruz5/scrappd-app/backend/pkg/utils/errors.go:134.2,134.83 1 1
github.com/alessandrocruz5/scrappd-app/backend/pkg/utils/errors.go:137.61,138.19 1 1
github.com/alessandrocruz5/scrappd-app/backend/pkg/utils/errors.go:138.19,140.3 1 0
github.com/alessandrocruz5/scrappd-app/backend/pkg/utils/errors.go:141.2,141.94 1 1
github.com/alessandrocruz5/scrappd-app/backend/pkg/utils/errors.go:144.59,145.19 1 1
github.com/alessandrocruz5/scrappd-app/backend/pkg/utils/errors.go:145.19,147.3 1 0
github.com/alessandrocruz5/scrappd-app/backend/pkg/utils/errors.go:148.2,148.92 1 1
github.com/alessandrocruz5/scrappd-app/backend/pkg/utils/errors.go:151.60,152.19 1 1
github.com/alessandrocruz5/scrappd-app/backend/pkg/utils/errors.go:152.19,154.3 1 0
github.com/alessandrocruz5/scrappd-app/backend/pkg/utils/errors.go:155.2,155.93 1 1
github.com/alessandrocruz5/scrappd-app/backend/pkg/utils/image.go:40.58,42.30 1 1
github.com/alessandrocruz5/scrappd-app/backend/pkg/utils/image.go:42.30,44.3 1 1
github.com/alessandrocruz5/scrappd-app/backend/pkg/utils/image.go:46.2,46.20 1 1
github.com/alessandrocruz5/scrappd-app/backend/pkg/utils/image.go:46.20,48.3 1 1
github.com/alessandrocruz5/scrappd-app/backend/pkg/utils/image.go:51.2,52.23 2 1
github.com/alessandrocruz5/scrappd-app/backend/pkg/utils/image.go:52.23,54.3 1 1
github.com/alessandrocruz5/scrappd-app/backend/pkg/utils/image.go:56.2,56.41 1 1
github.com/alessandrocruz5/scrappd-app/backend/pkg/utils/image.go:56.41,58.3 1 1
github.com/alessandrocruz5/scrappd-app/backend/pkg/utils/image.go:60.2,60.12 1 1
github.com/alessandrocruz5/scrappd-app/backend/pkg/utils/image.go:64.51,65.22 1 1
github.com/alessandrocruz5/scrappd-app/backend/pkg/utils/image.go:65.22,67.3 1 1
github.com/alessandrocruz5/scrappd-app/backend/pkg/utils/image.go:70.2,74.16 3 1
github.com/alessandrocruz5/scrappd-app/backend/pkg/utils/image.go:74.16,76.3 1 1
github.com/alessandrocruz5/scrappd-app/backend/pkg/utils/image.go:79.2,79.33 1 1
github.com/alessandrocruz5/scrappd-app/backend/pkg/utils/image.go:79.33,81.3 1 1
github.com/alessandrocruz5/scrappd-app/backend/pkg/utils/image.go:83.2,83.23 1 1
github.com/alessandrocruz5/scrappd-app/backend/pkg/utils/image.go:83.23,85.3 1 0
github.com/alessandrocruz5/scrappd-app/backend/pkg/utils/image.go:87.2,87.12 1 1
github.com/alessandrocruz5/scrappd-app/backend/pkg/utils/image.go:92.51,93.54 1 1
github.com/alessandrocruz5/scrappd-app/backend/pkg/utils/image.go:93.54,95.3 1 1
github.com/alessandrocruz5/scrappd-app/backend/pkg/utils/image.go:96.2,96.19 1 1
github.com/alessandrocruz5/scrappd-app/backend/pkg/utils/image.go:101.47,102.45 1 1
github.com/alessandrocruz5/scrappd-app/backend/pkg/utils/image.go:102.45,104.3 1 1
github.com/alessandrocruz5/scrappd-app/backend/pkg/utils/image.go:107.2,108.18 2 1
github.com/alessandrocruz5/scrappd-app/backend/pkg/utils/image.go:108.18,110.3 1 0
github.com/alessandrocruz5/scrappd-app/backend/pkg/utils/image.go:112.2,114.46 2 1
github.com/alessandrocruz5/scrappd-app/backend/pkg/utils/image.go:114.46,116.3 1 1
github.com/alessandrocruz5/scrappd-app/backend/pkg/utils/image.go:118.2,118.11 1 1
github.com/alessandrocruz5/scrappd-app/backend/pkg/utils/image.go:122.68,125.16 3 1
github.com/alessandrocruz5/scrappd-app/backend/pkg/utils/image.go:125.16,127.3 1 0
github.com/alessandrocruz5/scrappd-app/backend/pkg/utils/image.go:129.2,129.59 1 1
github.com/alessandrocruz5/scrappd-app/backend/pkg/utils/response.go:32.71,37.2 1 1
github.com/alessandrocruz5/scrappd-app/backend/pkg/utils/response.go:40.91,46.2 1 1
github.com/alessandrocruz5/scrappd-app/backend/pkg/utils/response.go:49.46,54.39 3 1
github.com/alessandrocruz5/scrappd-app/backend/pkg/utils/response.go:54.39,60.3 2 1
github.com/alessandrocruz5/scrappd-app/backend/pkg/utils/response.go:60.8,67.3 2 1
github.com/alessandrocruz5/scrappd-app/backend/pkg/utils/response.go:69.2,72.4 1 1
github.com/alessandrocruz5/scrappd-app/backend/pkg/utils/response.go:76.55,78.2 1 1
github.com/alessandrocruz5/scrappd-app/backend/pkg/utils/response.go:81.39,83.2 1 1
github.com/alessandrocruz5/scrappd-app/backend/pkg/utils/response.go:86.56,88.2 1 1
github.com/alessandrocruz5/scrappd-app/backend/pkg/utils/response.go:91.58,93.2 1 1
github.com/alessandrocruz5/scrappd-app/backend/pkg/utils/response.go:96.55,98.2 1 0
github.com/alessandrocruz5/scrappd-app/backend/pkg/utils/response.go:101.55,103.2 1 1
github.com/alessandrocruz5/scrappd-app/backend/pkg/utils/response.go:106.59,108.2 1 1
github.com/alessandrocruz5/scrappd-app/backend/internal/services/ml_client.go:32.56,41.2 1 1
github.com/alessandrocruz5/scrappd-app/backend/internal/services/ml_client.go:44.133,45.21 1 1
github.com/alessandrocruz5/scrappd-app/backend/internal/services/ml_client.go:45.21,47.3 1 1
github.com/alessandrocruz5/scrappd-app/backend/internal/services/ml_client.go:49.2,55.55 3 1
github.com/alessandrocruz5/scrappd-app/backend/internal/services/ml_client.go:55.55,56.18 1 1
github.com/alessandrocruz5/scrappd-app/backend/internal/services/ml_client.go:56.18,58.11 1 1
github.com/alessandrocruz5/scrappd-app/backend/internal/services/ml_client.go:59.22,60.67 1 1
github.com/alessandrocruz5/scrappd-app/backend/internal/services/ml_client.go:61.36,61.36 0 1
github.com/alessandrocruz5/scrappd-app/backend/internal/services/ml_client.go:65.3,66.17 2 1
github.com/alessandrocruz5/scrappd-app/backend/internal/services/ml_client.go:66.17,68.4 1 1
github.com/alessandrocruz5/scrappd-app/backend/internal/services/ml_client.go:70.3,73.46 2 1
github.com/alessandrocruz5/scrappd-app/backend/internal/services/ml_client.go:73.46,74.59 1 1
github.com/alessandrocruz5/scrappd-app/backend/internal/services/ml_client.go:74.59,76.5 1 1
github.com/alessandrocruz5/scrappd-app/backend/internal/services/ml_client.go:80.2,83.3 1 1
github.com/alessandrocruz5/scrappd-app/backend/internal/services/ml_client.go:87.138,89.16 2 1
github.com/alessandrocruz5/scrappd-app/backend/internal/services/ml_client.go:89.16,91.3 1 0
github.com/alessandrocruz5/scrappd-app/backend/internal/services/ml_client.go:93.2,99.16 2 1
github.com/alessandrocruz5/scrappd-app/backend/internal/services/ml_client.go:99.16,101.3 1 0
github.com/alessandrocruz5/scrappd-app/backend/internal/services/ml_client.go:103.2,106.16 3 1
github.com/alessandrocruz5/scrappd-app/backend/internal/services/ml_client.go:106.16,108.3 1 1
github.com/alessandrocruz5/scrappd-app/backend/internal/services/ml_client.go:109.2,112.16 3 1
github.com/alessandrocruz5/scrappd-app/backend/internal/services/ml_client.go:112.16,114.3 1 0
github.com/alessandrocruz5/scrappd-app/backend/internal/services/ml_client.go:117.2,117.61 1 1
github.com/alessandrocruz5/scrappd-app/backend/internal/services/ml_client.go:117.61,119.80 2 1
github.com/alessandrocruz5/scrappd-app/backend/internal/services/ml_client.go:119.80,126.4 1 1
github.com/alessandrocruz5/scrappd-app/backend/internal/services/ml_client.go:127.3,132.4 1 1
github.com/alessandrocruz5/scrappd-app/backend/internal/services/ml_client.go:135.2,136.56 2 1
github.com/alessandrocruz5/scrappd-app/backend/internal/services/ml_client.go:136.56,144.3 1 1
github.com/alessandrocruz5/scrappd-app/backend/internal/services/ml_client.go:146.2,146.23 1 1
github.com/alessandrocruz5/scrappd-app/backend/internal/services/ml_client.go:150.90,157.16 2 1
github.com/alessandrocruz5/scrappd-app/backend/internal/services/ml_client.go:157.16,159.3 1 0
github.com/alessandrocruz5/scrappd-app/backend/internal/services/ml_client.go:161.2,162.16 2 1
github.com/alessandrocruz5/scrappd-app/backend/internal/services/ml_client.go:162.16,164.3 1 0
github.com/alessandrocruz5/scrappd-app/backend/internal/services/ml_client.go:165.2,167.42 2 1
github.com/alessandrocruz5/scrappd-app/backend/internal/services/ml_client.go:167.42,172.3 1 1
github.com/alessandrocruz5/scrappd-app/backend/internal/services/ml_client.go:174.2,175.16 2 1
github.com/alessandrocruz5/scrappd-app/backend/internal/services/ml_client.go:175.16,177.3 1 0
github.com/alessandrocruz5/scrappd-app/backend/internal/services/ml_client.go:179.2,180.56 2 1
github.com/alessandrocruz5/scrappd-app/backend/internal/services/ml_client.go:180.56,182.3 1 1
github.com/alessandrocruz5/scrappd-app/backend/internal/services/ml_client.go:184.2,184.23 1 1
github.com/alessandrocruz5/scrappd-app/backend/internal/api/handlers/health.go:19.66,23.2 1 1
github.com/alessandrocruz5/scrappd-app/backend/internal/api/handlers/health.go:59.53,67.2 2 1
github.com/alessandrocruz5/scrappd-app/backend/internal/api/handlers/health.go:77.52,88.40 7 1
github.com/alessandrocruz5/scrappd-app/backend/internal/api/handlers/health.go:88.40,90.3 1 1
github.com/alessandrocruz5/scrappd-app/backend/internal/api/handlers/health.go:92.2,100.73 3 1
github.com/alessandrocruz5/scrappd-app/backend/internal/api/handlers/health.go:100.73,102.3 1 1
github.com/alessandrocruz5/scrappd-app/backend/internal/api/handlers/health.go:104.2,104.47 1 1
github.com/alessandrocruz5/scrappd-app/backend/internal/api/handlers/health.go:108.75,110.16 2 1
github.com/alessandrocruz5/scrappd-app/backend/internal/api/handlers/health.go:110.16,115.3 1 1
github.com/alessandrocruz5/scrappd-app/backend/internal/api/handlers/health.go:117.2,117.36 1 1
github.com/alessandrocruz5/scrappd-app/backend/internal/api/handlers/health.go:117.36,122.3 1 1
github.com/alessandrocruz5/scrappd-app/backend/internal/api/handlers/health.go:124.2,127.3 1 1
github.com/alessandrocruz5/scrappd-app/backend/internal/api/handlers/health.go:138.56,144.16 4 1
github.com/alessandrocruz5/scrappd-app/backend/internal/api/handlers/health.go:144.16,147.3 2 1
github.com/alessandrocruz5/scrappd-app/backend/internal/api/handlers/health.go:149.2,155.50 2 1
github.com/alessandrocruz5/scrappd-app/backend/internal/api/handlers/health.go:165.55,173.2 2 1
github.com/alessandrocruz5/scrappd-app/backend/internal/api/handlers/ml.go:17.58,21.2 1 1
github.com/alessandrocruz5/scrappd-app/backend/internal/api/handlers/ml.go:61.54,63.47 2 1
github.com/alessandrocruz5/scrappd-app/backend/internal/api/handlers/ml.go:63.47,66.3 2 1
github.com/alessandrocruz5/scrappd-app/backend/internal/api/handlers/ml.go:69.2,69.65 1 1
github.com/alessandrocruz5/scrappd-app/backend/internal/api/handlers/ml.go:69.65,72.3 2 1
github.com/alessandrocruz5/scrappd-app/backend/internal/api/handlers/ml.go:75.2,82.24 4 1
github.com/alessandrocruz5/scrappd-app/backend/internal/api/handlers/ml.go:82.24,84.3 1 1
github.com/alessandrocruz5/scrappd-app/backend/internal/api/handlers/ml.go:87.2,88.16 2 1
github.com/alessandrocruz5/scrappd-app/backend/internal/api/handlers/ml.go:88.16,91.3 2 1
github.com/alessandrocruz5/scrappd-app/backend/internal/api/handlers/ml.go:94.2,111.50 2 1
github.com/alessandrocruz5/scrappd-app/backend/internal/api/handlers/ml.go:126.62,129.16 2 1
github.com/alessandrocruz5/scrappd-app/backend/internal/api/handlers/ml.go:129.16,132.3 2 1
github.com/alessandrocruz5/scrappd-app/backend/internal/api/handlers/ml.go:135.2,135.60 1 1
github.com/alessandrocruz5/scrappd-app/backend/internal/api/handlers/ml.go:135.60,138.3 2 1
github.com/alessandrocruz5/scrappd-app/backend/internal/api/handlers/ml.go:141.2,142.16 2 1
github.com/alessandrocruz5/scrappd-app/backend/internal/api/handlers/ml.go:142.16,145.3 2 0
github.com/alessandrocruz5/scrappd-app/backend/internal/api/handlers/ml.go:146.2,150.16 3 1
github.com/alessandrocruz5/scrappd-app/backend/internal/api/handlers/ml.go:150.16,153.3 2 0
github.com/alessandrocruz5/scrappd-app/backend/internal/api/handlers/ml.go:156.2,160.16 3 1
github.com/alessandrocruz5/scrappd-app/backend/internal/api/handlers/ml.go:160.16,163.3 2 0
github.com/alessandrocruz5/scrappd-app/backend/internal/api/handlers/ml.go:166.2,167.81 2 1
github.com/alessandrocruz5/scrappd-app/backend/internal/api/handlers/ml.go:167.81,169.3 1 1
github.com/alessandrocruz5/scrappd-app/backend/internal/api/handlers/ml.go:172.2,189.50 2 1
